c:\code\totoro\totorosample\debug\vc120.pdb
c:\code\totoro\totorosample\debug\vc120.idb
c:\code\totoro\totorosample\debug\string.obj
c:\code\totoro\totorosample\debug\window.obj
c:\code\totoro\totorosample\debug\audio.obj
c:\code\totoro\totorosample\debug\audioregistry.obj
c:\code\totoro\totorosample\debug\checkbox.obj
c:\code\totoro\totorosample\debug\imagebutton.obj
c:\code\totoro\totorosample\debug\dxdirect.obj
c:\code\totoro\totorosample\debug\dxgraphics.obj
c:\code\totoro\totorosample\debug\line2p.obj
c:\code\totoro\totorosample\debug\scene.obj
c:\code\totoro\totorosample\debug\sprite.obj
c:\code\totoro\totorosample\debug\texture.obj
c:\code\totoro\totorosample\debug\textureregistry.obj
c:\code\totoro\totorosample\debug\activity.obj
c:\code\totoro\totorosample\debug\basic.obj
c:\code\totoro\totorosample\debug\mvvectorhelper.obj
c:\code\totoro\totorosample\debug\collider.obj
c:\code\totoro\totorosample\debug\fontfamily.obj
c:\code\totoro\totorosample\debug\text.obj
c:\code\totoro\totorosample\debug\winmain.obj
c:\code\totoro\totorosample\debug\basescene.obj
c:\code\totoro\totorosample\debug\battlescene.obj
c:\code\totoro\totorosample\debug\mainscene.obj
c:\code\totoro\totorosample\debug\cfg.obj
c:\code\totoro\totorosample\debug\enemies.obj
c:\code\totoro\totorosample\debug\enemybullet.obj
c:\code\totoro\totorosample\debug\enemywarcraft.obj
c:\code\totoro\totorosample\debug\map.obj
c:\code\totoro\totorosample\debug\playerbullet.obj
c:\code\totoro\totorosample\debug\playerwarcraft.obj
c:\code\totoro\totorosample\debug\scoreboard.obj
c:\code\totoro\totorosample\debug\settingdialog.obj
c:\code\totoro\totorosample\debug\director.obj
c:\code\totoro\totorosample\debug\console.obj
c:\code\totoro\totorosample\debug\log.obj
c:\code\totoro\bin\totorosample.ilk
c:\code\totoro\bin\totorosample.exe
c:\code\totoro\bin\totorosample.pdb
c:\code\totoro\totorosample\..\bin\totorosample.exe
c:\code\totoro\totorosample\debug\totorosample.tlog\cl.command.1.tlog
c:\code\totoro\totorosample\debug\totorosample.tlog\cl.read.1.tlog
c:\code\totoro\totorosample\debug\totorosample.tlog\cl.write.1.tlog
c:\code\totoro\totorosample\debug\totorosample.tlog\link.command.1.tlog
c:\code\totoro\totorosample\debug\totorosample.tlog\link.read.1.tlog
c:\code\totoro\totorosample\debug\totorosample.tlog\link.write.1.tlog
